  [1m[36m (1656.3ms)[0m  [1mCREATE TABLE "SCHEMA_MIGRATIONS" ("VERSION" VARCHAR2(255) NOT NULL) [0m
OracleEnhanced shortened default index name index_schema_migrations_on_version to i_schema_migrations_version
  [1m[35m (2.7ms)[0m   SELECT 1 FROM all_indexes i
 WHERE i.owner = 'IEXPENSE_DEV'
 AND i.table_owner = 'IEXPENSE_DEV'
 AND i.table_name = 'SCHEMA_MIGRATIONS'
 AND i.index_name = 'UNIQUE_SCHEMA_MIGRATIONS'

  [1m[36m (355.0ms)[0m  [1mCREATE UNIQUE INDEX "UNIQUE_SCHEMA_MIGRATIONS" ON "SCHEMA_MIGRATIONS" ("VERSION") [0m
  [1m[35mschema_migrations Columns (281.9ms)[0m  SELECT column_name AS name, data_type AS sql_type, data_default, nullable, virtual_column, hidden_column, DECODE(data_type, 'NUMBER', data_precision, 'FLOAT', data_precision, 'VARCHAR2', DECODE(char_used, 'C', char_length, data_length), 'RAW', DECODE(char_used, 'C', char_length, data_length), 'CHAR', DECODE(char_used, 'C', char_length, data_length), NULL) AS limit, DECODE(data_type, 'NUMBER', data_scale, NULL) AS scale FROM all_tab_cols WHERE owner = 'IEXPENSE_DEV' AND table_name = 'SCHEMA_MIGRATIONS' AND hidden_column = 'NO' ORDER BY column_id
  [1m[36m (1.7ms)[0m  [1mSELECT "SCHEMA_MIGRATIONS"."VERSION" FROM "SCHEMA_MIGRATIONS" [0m
Migrating to CreateExpenses (20120130093912)
  [1m[35m (372.0ms)[0m  CREATE TABLE "EXPENSES" ("ID" NUMBER(38) NOT NULL PRIMARY KEY, "SPENT_ON" VARCHAR2(255), "DATE" DATE, "AMOUNT" NUMBER(38), "SPENT_BY" VARCHAR2(255), "CREATED_AT" DATE NOT NULL, "UPDATED_AT" DATE NOT NULL) 
  [1m[36m (75.4ms)[0m  [1mCREATE SEQUENCE "EXPENSES_SEQ" START WITH 10000[0m
  [1m[35m (20.1ms)[0m  INSERT INTO "SCHEMA_MIGRATIONS" ("VERSION") VALUES ('20120130093912')
  [1m[36mschema_migrations Columns (2.1ms)[0m  [1mSELECT column_name AS name, data_type AS sql_type, data_default, nullable, virtual_column, hidden_column, DECODE(data_type, 'NUMBER', data_precision, 'FLOAT', data_precision, 'VARCHAR2', DECODE(char_used, 'C', char_length, data_length), 'RAW', DECODE(char_used, 'C', char_length, data_length), 'CHAR', DECODE(char_used, 'C', char_length, data_length), NULL) AS limit, DECODE(data_type, 'NUMBER', data_scale, NULL) AS scale FROM all_tab_cols WHERE owner = 'IEXPENSE_DEV' AND table_name = 'SCHEMA_MIGRATIONS' AND hidden_column = 'NO' ORDER BY column_id[0m
  [1m[35m (0.9ms)[0m  SELECT "SCHEMA_MIGRATIONS"."VERSION" FROM "SCHEMA_MIGRATIONS" 
  [1m[36m (501.1ms)[0m  [1mSELECT DECODE(table_name, UPPER(table_name), LOWER(table_name), table_name) FROM all_tables WHERE owner = SYS_CONTEXT('userenv', 'session_user') AND secondary = 'N'[0m
  [1m[35m (43.0ms)[0m  SELECT LOWER(mview_name) FROM all_mviews WHERE owner = SYS_CONTEXT('userenv', 'session_user')
  [1m[36m (3.3ms)[0m  [1mSELECT column_name AS name, data_type AS sql_type, data_default, nullable, virtual_column, hidden_column, DECODE(data_type, 'NUMBER', data_precision, 'FLOAT', data_precision, 'VARCHAR2', DECODE(char_used, 'C', char_length, data_length), 'RAW', DECODE(char_used, 'C', char_length, data_length), 'CHAR', DECODE(char_used, 'C', char_length, data_length), NULL) AS limit, DECODE(data_type, 'NUMBER', data_scale, NULL) AS scale FROM all_tab_cols WHERE owner = 'IEXPENSE_DEV' AND table_name = 'EXPENSES' AND hidden_column = 'NO' ORDER BY column_id[0m
  [1m[35mPrimary Key (101.8ms)[0m  SELECT cc.column_name FROM all_constraints c, all_cons_columns cc WHERE c.owner = 'IEXPENSE_DEV' AND c.table_name = 'EXPENSES' AND c.constraint_type = 'P' AND cc.owner = c.owner AND cc.constraint_name = c.constraint_name
  [1m[36m (54.7ms)[0m  [1mSELECT temporary FROM user_tables WHERE table_name = 'EXPENSES'[0m
  [1m[35m (18.4ms)[0m  SELECT LOWER(default_tablespace) FROM user_users WHERE username = SYS_CONTEXT('userenv', 'session_user')
  [1m[36m (1022.6ms)[0m  [1mSELECT LOWER(i.table_name) AS table_name, LOWER(i.index_name) AS index_name, i.uniqueness, i.index_type, i.ityp_owner, i.ityp_name, i.parameters, LOWER(i.tablespace_name) AS tablespace_name, LOWER(c.column_name) AS column_name, e.column_expression FROM all_indexes i JOIN all_ind_columns c ON c.index_name = i.index_name AND c.index_owner = i.owner LEFT OUTER JOIN all_ind_expressions e ON e.index_name = i.index_name AND e.index_owner = i.owner AND e.column_position = c.column_position WHERE i.owner = 'IEXPENSE_DEV' AND i.table_owner = 'IEXPENSE_DEV' AND NOT EXISTS (SELECT uc.index_name FROM all_constraints uc WHERE uc.index_name = i.index_name AND uc.owner = i.owner AND uc.constraint_type = 'P') ORDER BY i.index_name, c.column_position[0m
  [1m[35mPrimary Key Trigger (93.9ms)[0m   SELECT trigger_name
 FROM all_triggers
 WHERE owner = 'IEXPENSE_DEV'
 AND trigger_name = 'EXPENSES_PKT'
 AND table_owner = 'IEXPENSE_DEV'
 AND table_name = 'EXPENSES'
 AND status = 'ENABLED'

  [1m[36mForeign Keys (90.6ms)[0m  [1m SELECT r.table_name to_table
 ,rc.column_name references_column
 ,cc.column_name
 ,c.constraint_name name
 ,c.delete_rule
 FROM user_constraints c, user_cons_columns cc,
 user_constraints r, user_cons_columns rc
 WHERE c.owner = 'IEXPENSE_DEV'
 AND c.table_name = 'EXPENSES'
 AND c.constraint_type = 'R'
 AND cc.owner = c.owner
 AND cc.constraint_name = c.constraint_name
 AND r.constraint_name = c.r_constraint_name
 AND r.owner = c.owner
 AND rc.owner = r.owner
 AND rc.constraint_name = r.constraint_name
 AND rc.position = cc.position
 ORDER BY name, to_table, column_name, references_column
[0m
  [1m[35m (44.2ms)[0m  SELECT synonym_name, table_owner, table_name, db_link FROM user_synonyms


Started GET "/assets/rails.png" for 172.28.228.26 at 2012-01-30 15:12:42 +0530
Served asset /rails.png - 200 OK (261ms)


Started GET "/" for 172.28.228.26 at 2012-01-30 15:13:03 +0530

ActionController::RoutingError (uninitialized constant ExpenseController):
  activesupport (3.2.1) lib/active_support/inflector/methods.rb:229:in `block in constantize'
  activesupport (3.2.1) lib/active_support/inflector/methods.rb:228:in `each'
  activesupport (3.2.1) lib/active_support/inflector/methods.rb:228:in `constantize'
  actionpack (3.2.1) lib/action_dispatch/routing/route_set.rb:62:in `controller_reference'
  actionpack (3.2.1) lib/action_dispatch/routing/route_set.rb:47:in `controller'
  actionpack (3.2.1) lib/action_dispatch/routing/route_set.rb:26:in `call'
  journey (1.0.1) lib/journey/router.rb:68:in `block in call'
  journey (1.0.1) lib/journey/router.rb:56:in `each'
  journey (1.0.1) lib/journey/router.rb:56:in `call'
  actionpack (3.2.1) lib/action_dispatch/routing/route_set.rb:589:in `call'
  actionpack (3.2.1) lib/action_dispatch/middleware/best_standards_support.rb:17:in `call'
  rack (1.4.1) lib/rack/etag.rb:23:in `call'
  rack (1.4.1) lib/rack/conditionalget.rb:25:in `call'
  actionpack (3.2.1) lib/action_dispatch/middleware/head.rb:14:in `call'
  actionpack (3.2.1) lib/action_dispatch/middleware/params_parser.rb:21:in `call'
  actionpack (3.2.1) lib/action_dispatch/middleware/flash.rb:242:in `call'
  rack (1.4.1) lib/rack/session/abstract/id.rb:205:in `context'
  rack (1.4.1) lib/rack/session/abstract/id.rb:200:in `call'
  actionpack (3.2.1) lib/action_dispatch/middleware/cookies.rb:338:in `call'
  activerecord (3.2.1) lib/active_record/query_cache.rb:64:in `call'
  activerecord (3.2.1) lib/active_record/connection_adapters/abstract/connection_pool.rb:443:in `call'
  actionpack (3.2.1) lib/action_dispatch/middleware/callbacks.rb:28:in `block in call'
  activesupport (3.2.1) lib/active_support/callbacks.rb:405:in `_run__626400212__call__664371980__callbacks'
  activesupport (3.2.1) lib/active_support/callbacks.rb:405:in `__run_callback'
  activesupport (3.2.1) lib/active_support/callbacks.rb:385:in `_run_call_callbacks'
  activesupport (3.2.1) lib/active_support/callbacks.rb:81:in `run_callbacks'
  actionpack (3.2.1) lib/action_dispatch/middleware/callbacks.rb:27:in `call'
  actionpack (3.2.1) lib/action_dispatch/middleware/reloader.rb:65:in `call'
  actionpack (3.2.1) lib/action_dispatch/middleware/remote_ip.rb:31:in `call'
  actionpack (3.2.1) lib/action_dispatch/middleware/debug_exceptions.rb:16:in `call'
  actionpack (3.2.1) lib/action_dispatch/middleware/show_exceptions.rb:56:in `call'
  railties (3.2.1) lib/rails/rack/logger.rb:26:in `call_app'
  railties (3.2.1) lib/rails/rack/logger.rb:16:in `call'
  actionpack (3.2.1) lib/action_dispatch/middleware/request_id.rb:22:in `call'
  rack (1.4.1) lib/rack/methodoverride.rb:21:in `call'
  rack (1.4.1) lib/rack/runtime.rb:17:in `call'
  activesupport (3.2.1) lib/active_support/cache/strategy/local_cache.rb:72:in `call'
  rack (1.4.1) lib/rack/lock.rb:15:in `call'
  actionpack (3.2.1) lib/action_dispatch/middleware/static.rb:53:in `call'
  railties (3.2.1) lib/rails/engine.rb:479:in `call'
  railties (3.2.1) lib/rails/application.rb:220:in `call'
  rack (1.4.1) lib/rack/content_length.rb:14:in `call'
  railties (3.2.1) lib/rails/rack/log_tailer.rb:14:in `call'
  rack (1.4.1) lib/rack/handler/webrick.rb:59:in `service'
  /home/ashish/.rvm/rubies/ruby-1.9.3-p0/lib/ruby/1.9.1/webrick/httpserver.rb:138:in `service'
  /home/ashish/.rvm/rubies/ruby-1.9.3-p0/lib/ruby/1.9.1/webrick/httpserver.rb:94:in `run'
  /home/ashish/.rvm/rubies/ruby-1.9.3-p0/lib/ruby/1.9.1/webrick/server.rb:191:in `block in start_thread'


  Rendered /home/ashish/.rvm/gems/ruby-1.9.3-p0/gems/actionpack-3.2.1/lib/action_dispatch/middleware/templates/rescues/routing_error.erb within rescues/layout (2.8ms)
  [1m[36mschema_migrations Columns (4.3ms)[0m  [1mSELECT column_name AS name, data_type AS sql_type, data_default, nullable, virtual_column, hidden_column, DECODE(data_type, 'NUMBER', data_precision, 'FLOAT', data_precision, 'VARCHAR2', DECODE(char_used, 'C', char_length, data_length), 'RAW', DECODE(char_used, 'C', char_length, data_length), 'CHAR', DECODE(char_used, 'C', char_length, data_length), NULL) AS limit, DECODE(data_type, 'NUMBER', data_scale, NULL) AS scale FROM all_tab_cols WHERE owner = 'IEXPENSE_DEV' AND table_name = 'SCHEMA_MIGRATIONS' AND hidden_column = 'NO' ORDER BY column_id[0m
  [1m[35m (1.2ms)[0m  SELECT "SCHEMA_MIGRATIONS"."VERSION" FROM "SCHEMA_MIGRATIONS" 
Migrating to CreateExpenses (20120130093912)
  [1m[36mschema_migrations Columns (2.0ms)[0m  [1mSELECT column_name AS name, data_type AS sql_type, data_default, nullable, virtual_column, hidden_column, DECODE(data_type, 'NUMBER', data_precision, 'FLOAT', data_precision, 'VARCHAR2', DECODE(char_used, 'C', char_length, data_length), 'RAW', DECODE(char_used, 'C', char_length, data_length), 'CHAR', DECODE(char_used, 'C', char_length, data_length), NULL) AS limit, DECODE(data_type, 'NUMBER', data_scale, NULL) AS scale FROM all_tab_cols WHERE owner = 'IEXPENSE_DEV' AND table_name = 'SCHEMA_MIGRATIONS' AND hidden_column = 'NO' ORDER BY column_id[0m
  [1m[35m (0.7ms)[0m  SELECT "SCHEMA_MIGRATIONS"."VERSION" FROM "SCHEMA_MIGRATIONS" 
  [1m[36m (11.9ms)[0m  [1mSELECT DECODE(table_name, UPPER(table_name), LOWER(table_name), table_name) FROM all_tables WHERE owner = SYS_CONTEXT('userenv', 'session_user') AND secondary = 'N'[0m
  [1m[35m (1.1ms)[0m  SELECT LOWER(mview_name) FROM all_mviews WHERE owner = SYS_CONTEXT('userenv', 'session_user')
  [1m[36m (3.2ms)[0m  [1mSELECT column_name AS name, data_type AS sql_type, data_default, nullable, virtual_column, hidden_column, DECODE(data_type, 'NUMBER', data_precision, 'FLOAT', data_precision, 'VARCHAR2', DECODE(char_used, 'C', char_length, data_length), 'RAW', DECODE(char_used, 'C', char_length, data_length), 'CHAR', DECODE(char_used, 'C', char_length, data_length), NULL) AS limit, DECODE(data_type, 'NUMBER', data_scale, NULL) AS scale FROM all_tab_cols WHERE owner = 'IEXPENSE_DEV' AND table_name = 'EXPENSES' AND hidden_column = 'NO' ORDER BY column_id[0m
  [1m[35mPrimary Key (5.4ms)[0m  SELECT cc.column_name FROM all_constraints c, all_cons_columns cc WHERE c.owner = 'IEXPENSE_DEV' AND c.table_name = 'EXPENSES' AND c.constraint_type = 'P' AND cc.owner = c.owner AND cc.constraint_name = c.constraint_name
  [1m[36m (2.6ms)[0m  [1mSELECT temporary FROM user_tables WHERE table_name = 'EXPENSES'[0m
  [1m[35m (1.1ms)[0m  SELECT LOWER(default_tablespace) FROM user_users WHERE username = SYS_CONTEXT('userenv', 'session_user')
  [1m[36m (17.0ms)[0m  [1mSELECT LOWER(i.table_name) AS table_name, LOWER(i.index_name) AS index_name, i.uniqueness, i.index_type, i.ityp_owner, i.ityp_name, i.parameters, LOWER(i.tablespace_name) AS tablespace_name, LOWER(c.column_name) AS column_name, e.column_expression FROM all_indexes i JOIN all_ind_columns c ON c.index_name = i.index_name AND c.index_owner = i.owner LEFT OUTER JOIN all_ind_expressions e ON e.index_name = i.index_name AND e.index_owner = i.owner AND e.column_position = c.column_position WHERE i.owner = 'IEXPENSE_DEV' AND i.table_owner = 'IEXPENSE_DEV' AND NOT EXISTS (SELECT uc.index_name FROM all_constraints uc WHERE uc.index_name = i.index_name AND uc.owner = i.owner AND uc.constraint_type = 'P') ORDER BY i.index_name, c.column_position[0m
  [1m[35mPrimary Key Trigger (0.7ms)[0m   SELECT trigger_name
 FROM all_triggers
 WHERE owner = 'IEXPENSE_DEV'
 AND trigger_name = 'EXPENSES_PKT'
 AND table_owner = 'IEXPENSE_DEV'
 AND table_name = 'EXPENSES'
 AND status = 'ENABLED'

  [1m[36mForeign Keys (1.1ms)[0m  [1m SELECT r.table_name to_table
 ,rc.column_name references_column
 ,cc.column_name
 ,c.constraint_name name
 ,c.delete_rule
 FROM user_constraints c, user_cons_columns cc,
 user_constraints r, user_cons_columns rc
 WHERE c.owner = 'IEXPENSE_DEV'
 AND c.table_name = 'EXPENSES'
 AND c.constraint_type = 'R'
 AND cc.owner = c.owner
 AND cc.constraint_name = c.constraint_name
 AND r.constraint_name = c.r_constraint_name
 AND r.owner = c.owner
 AND rc.owner = r.owner
 AND rc.constraint_name = r.constraint_name
 AND rc.position = cc.position
 ORDER BY name, to_table, column_name, references_column
[0m
  [1m[35m (2.5ms)[0m  SELECT synonym_name, table_owner, table_name, db_link FROM user_synonyms


Started GET "/" for 172.28.228.26 at 2012-01-30 15:34:23 +0530

ActionController::RoutingError (uninitialized constant ExpenseController):
  activesupport (3.2.1) lib/active_support/inflector/methods.rb:229:in `block in constantize'
  activesupport (3.2.1) lib/active_support/inflector/methods.rb:228:in `each'
  activesupport (3.2.1) lib/active_support/inflector/methods.rb:228:in `constantize'
  actionpack (3.2.1) lib/action_dispatch/routing/route_set.rb:62:in `controller_reference'
  actionpack (3.2.1) lib/action_dispatch/routing/route_set.rb:47:in `controller'
  actionpack (3.2.1) lib/action_dispatch/routing/route_set.rb:26:in `call'
  journey (1.0.1) lib/journey/router.rb:68:in `block in call'
  journey (1.0.1) lib/journey/router.rb:56:in `each'
  journey (1.0.1) lib/journey/router.rb:56:in `call'
  actionpack (3.2.1) lib/action_dispatch/routing/route_set.rb:589:in `call'
  actionpack (3.2.1) lib/action_dispatch/middleware/best_standards_support.rb:17:in `call'
  rack (1.4.1) lib/rack/etag.rb:23:in `call'
  rack (1.4.1) lib/rack/conditionalget.rb:25:in `call'
  actionpack (3.2.1) lib/action_dispatch/middleware/head.rb:14:in `call'
  actionpack (3.2.1) lib/action_dispatch/middleware/params_parser.rb:21:in `call'
  actionpack (3.2.1) lib/action_dispatch/middleware/flash.rb:242:in `call'
  rack (1.4.1) lib/rack/session/abstract/id.rb:205:in `context'
  rack (1.4.1) lib/rack/session/abstract/id.rb:200:in `call'
  actionpack (3.2.1) lib/action_dispatch/middleware/cookies.rb:338:in `call'
  activerecord (3.2.1) lib/active_record/query_cache.rb:64:in `call'
  activerecord (3.2.1) lib/active_record/connection_adapters/abstract/connection_pool.rb:443:in `call'
  actionpack (3.2.1) lib/action_dispatch/middleware/callbacks.rb:28:in `block in call'
  activesupport (3.2.1) lib/active_support/callbacks.rb:405:in `_run__948400231__call__1064162618__callbacks'
  activesupport (3.2.1) lib/active_support/callbacks.rb:405:in `__run_callback'
  activesupport (3.2.1) lib/active_support/callbacks.rb:385:in `_run_call_callbacks'
  activesupport (3.2.1) lib/active_support/callbacks.rb:81:in `run_callbacks'
  actionpack (3.2.1) lib/action_dispatch/middleware/callbacks.rb:27:in `call'
  actionpack (3.2.1) lib/action_dispatch/middleware/reloader.rb:65:in `call'
  actionpack (3.2.1) lib/action_dispatch/middleware/remote_ip.rb:31:in `call'
  actionpack (3.2.1) lib/action_dispatch/middleware/debug_exceptions.rb:16:in `call'
  actionpack (3.2.1) lib/action_dispatch/middleware/show_exceptions.rb:56:in `call'
  railties (3.2.1) lib/rails/rack/logger.rb:26:in `call_app'
  railties (3.2.1) lib/rails/rack/logger.rb:16:in `call'
  actionpack (3.2.1) lib/action_dispatch/middleware/request_id.rb:22:in `call'
  rack (1.4.1) lib/rack/methodoverride.rb:21:in `call'
  rack (1.4.1) lib/rack/runtime.rb:17:in `call'
  activesupport (3.2.1) lib/active_support/cache/strategy/local_cache.rb:72:in `call'
  rack (1.4.1) lib/rack/lock.rb:15:in `call'
  actionpack (3.2.1) lib/action_dispatch/middleware/static.rb:53:in `call'
  railties (3.2.1) lib/rails/engine.rb:479:in `call'
  railties (3.2.1) lib/rails/application.rb:220:in `call'
  rack (1.4.1) lib/rack/content_length.rb:14:in `call'
  railties (3.2.1) lib/rails/rack/log_tailer.rb:14:in `call'
  rack (1.4.1) lib/rack/handler/webrick.rb:59:in `service'
  /home/ashish/.rvm/rubies/ruby-1.9.3-p0/lib/ruby/1.9.1/webrick/httpserver.rb:138:in `service'
  /home/ashish/.rvm/rubies/ruby-1.9.3-p0/lib/ruby/1.9.1/webrick/httpserver.rb:94:in `run'
  /home/ashish/.rvm/rubies/ruby-1.9.3-p0/lib/ruby/1.9.1/webrick/server.rb:191:in `block in start_thread'


  Rendered /home/ashish/.rvm/gems/ruby-1.9.3-p0/gems/actionpack-3.2.1/lib/action_dispatch/middleware/templates/rescues/routing_error.erb within rescues/layout (3.7ms)


Started GET "/" for 172.28.228.26 at 2012-01-30 15:55:08 +0530

ActionController::RoutingError (uninitialized constant ExpenseController):
  activesupport (3.2.1) lib/active_support/inflector/methods.rb:229:in `block in constantize'
  activesupport (3.2.1) lib/active_support/inflector/methods.rb:228:in `each'
  activesupport (3.2.1) lib/active_support/inflector/methods.rb:228:in `constantize'
  actionpack (3.2.1) lib/action_dispatch/routing/route_set.rb:62:in `controller_reference'
  actionpack (3.2.1) lib/action_dispatch/routing/route_set.rb:47:in `controller'
  actionpack (3.2.1) lib/action_dispatch/routing/route_set.rb:26:in `call'
  journey (1.0.1) lib/journey/router.rb:68:in `block in call'
  journey (1.0.1) lib/journey/router.rb:56:in `each'
  journey (1.0.1) lib/journey/router.rb:56:in `call'
  actionpack (3.2.1) lib/action_dispatch/routing/route_set.rb:589:in `call'
  actionpack (3.2.1) lib/action_dispatch/middleware/best_standards_support.rb:17:in `call'
  rack (1.4.1) lib/rack/etag.rb:23:in `call'
  rack (1.4.1) lib/rack/conditionalget.rb:25:in `call'
  actionpack (3.2.1) lib/action_dispatch/middleware/head.rb:14:in `call'
  actionpack (3.2.1) lib/action_dispatch/middleware/params_parser.rb:21:in `call'
  actionpack (3.2.1) lib/action_dispatch/middleware/flash.rb:242:in `call'
  rack (1.4.1) lib/rack/session/abstract/id.rb:205:in `context'
  rack (1.4.1) lib/rack/session/abstract/id.rb:200:in `call'
  actionpack (3.2.1) lib/action_dispatch/middleware/cookies.rb:338:in `call'
  activerecord (3.2.1) lib/active_record/query_cache.rb:64:in `call'
  activerecord (3.2.1) lib/active_record/connection_adapters/abstract/connection_pool.rb:443:in `call'
  actionpack (3.2.1) lib/action_dispatch/middleware/callbacks.rb:28:in `block in call'
  activesupport (3.2.1) lib/active_support/callbacks.rb:405:in `_run__948400231__call__1064162618__callbacks'
  activesupport (3.2.1) lib/active_support/callbacks.rb:405:in `__run_callback'
  activesupport (3.2.1) lib/active_support/callbacks.rb:385:in `_run_call_callbacks'
  activesupport (3.2.1) lib/active_support/callbacks.rb:81:in `run_callbacks'
  actionpack (3.2.1) lib/action_dispatch/middleware/callbacks.rb:27:in `call'
  actionpack (3.2.1) lib/action_dispatch/middleware/reloader.rb:65:in `call'
  actionpack (3.2.1) lib/action_dispatch/middleware/remote_ip.rb:31:in `call'
  actionpack (3.2.1) lib/action_dispatch/middleware/debug_exceptions.rb:16:in `call'
  actionpack (3.2.1) lib/action_dispatch/middleware/show_exceptions.rb:56:in `call'
  railties (3.2.1) lib/rails/rack/logger.rb:26:in `call_app'
  railties (3.2.1) lib/rails/rack/logger.rb:16:in `call'
  actionpack (3.2.1) lib/action_dispatch/middleware/request_id.rb:22:in `call'
  rack (1.4.1) lib/rack/methodoverride.rb:21:in `call'
  rack (1.4.1) lib/rack/runtime.rb:17:in `call'
  activesupport (3.2.1) lib/active_support/cache/strategy/local_cache.rb:72:in `call'
  rack (1.4.1) lib/rack/lock.rb:15:in `call'
  actionpack (3.2.1) lib/action_dispatch/middleware/static.rb:53:in `call'
  railties (3.2.1) lib/rails/engine.rb:479:in `call'
  railties (3.2.1) lib/rails/application.rb:220:in `call'
  rack (1.4.1) lib/rack/content_length.rb:14:in `call'
  railties (3.2.1) lib/rails/rack/log_tailer.rb:14:in `call'
  rack (1.4.1) lib/rack/handler/webrick.rb:59:in `service'
  /home/ashish/.rvm/rubies/ruby-1.9.3-p0/lib/ruby/1.9.1/webrick/httpserver.rb:138:in `service'
  /home/ashish/.rvm/rubies/ruby-1.9.3-p0/lib/ruby/1.9.1/webrick/httpserver.rb:94:in `run'
  /home/ashish/.rvm/rubies/ruby-1.9.3-p0/lib/ruby/1.9.1/webrick/server.rb:191:in `block in start_thread'


  Rendered /home/ashish/.rvm/gems/ruby-1.9.3-p0/gems/actionpack-3.2.1/lib/action_dispatch/middleware/templates/rescues/routing_error.erb within rescues/layout (65.1ms)


Started GET "/" for 172.28.228.26 at 2012-01-30 15:56:08 +0530
  [1m[36mexpenses Columns (66.5ms)[0m  [1mSELECT column_name AS name, data_type AS sql_type, data_default, nullable, virtual_column, hidden_column, DECODE(data_type, 'NUMBER', data_precision, 'FLOAT', data_precision, 'VARCHAR2', DECODE(char_used, 'C', char_length, data_length), 'RAW', DECODE(char_used, 'C', char_length, data_length), 'CHAR', DECODE(char_used, 'C', char_length, data_length), NULL) AS limit, DECODE(data_type, 'NUMBER', data_scale, NULL) AS scale FROM all_tab_cols WHERE owner = 'IEXPENSE_DEV' AND table_name = 'EXPENSES' AND hidden_column = 'NO' ORDER BY column_id[0m
  [1m[35mPrimary Key (361.5ms)[0m  SELECT cc.column_name FROM all_constraints c, all_cons_columns cc WHERE c.owner = 'IEXPENSE_DEV' AND c.table_name = 'EXPENSES' AND c.constraint_type = 'P' AND cc.owner = c.owner AND cc.constraint_name = c.constraint_name
Processing by ExpensesController#index as HTML
  [1m[36mExpense Load (75.2ms)[0m  [1mSELECT "EXPENSES".* FROM "EXPENSES" [0m
  Rendered expenses/index.html.erb within layouts/application (24.3ms)
Compiled expenses.css  (27ms)  (pid 23923)
Compiled scaffolds.css  (34ms)  (pid 23923)
Compiled application.css  (346ms)  (pid 23923)
Compiled jquery.js  (27ms)  (pid 23923)
Compiled jquery_ujs.js  (0ms)  (pid 23923)
Compiled expenses.js  (230ms)  (pid 23923)
Compiled application.js  (639ms)  (pid 23923)
Completed 200 OK in 1611ms (Views: 1532.9ms | ActiveRecord: 75.2ms)


Started GET "/assets/application.css?body=1" for 172.28.228.26 at 2012-01-30 15:56:17 +0530
Served asset /application.css - 200 OK (169ms)


Started GET "/assets/expenses.css?body=1" for 172.28.228.26 at 2012-01-30 15:56:22 +0530
Served asset /expenses.css - 200 OK (20ms)


Started GET "/assets/jquery_ujs.js?body=1" for 172.28.228.26 at 2012-01-30 15:56:22 +0530
Served asset /jquery_ujs.js - 200 OK (109ms)


Started GET "/assets/expenses.js?body=1" for 172.28.228.26 at 2012-01-30 15:56:22 +0530
Served asset /expenses.js - 200 OK (46ms)


Started GET "/assets/scaffolds.css?body=1" for 172.28.228.26 at 2012-01-30 15:56:22 +0530
Served asset /scaffolds.css - 200 OK (24ms)


Started GET "/assets/jquery.js?body=1" for 172.28.228.26 at 2012-01-30 15:56:23 +0530
Served asset /jquery.js - 200 OK (147ms)


Started GET "/assets/application.js?body=1" for 172.28.228.26 at 2012-01-30 15:56:23 +0530
Served asset /application.js - 200 OK (130ms)


Started GET "/expenses/new" for 172.28.228.26 at 2012-01-30 15:56:33 +0530
Processing by ExpensesController#new as HTML
  Rendered expenses/_form.html.erb (89.4ms)
  Rendered expenses/new.html.erb within layouts/application (118.5ms)
Completed 200 OK in 191ms (Views: 182.6ms | ActiveRecord: 0.0ms)


Started GET "/assets/jquery_ujs.js?body=1" for 172.28.228.26 at 2012-01-30 15:56:39 +0530
Served asset /jquery_ujs.js - 304 Not Modified (0ms)


Started GET "/assets/scaffolds.css?body=1" for 172.28.228.26 at 2012-01-30 15:56:39 +0530
Served asset /scaffolds.css - 304 Not Modified (7ms)


Started GET "/assets/jquery.js?body=1" for 172.28.228.26 at 2012-01-30 15:56:39 +0530
Served asset /jquery.js - 304 Not Modified (1ms)


Started GET "/assets/application.css?body=1" for 172.28.228.26 at 2012-01-30 15:56:39 +0530
Served asset /application.css - 304 Not Modified (61ms)


Started GET "/assets/expenses.css?body=1" for 172.28.228.26 at 2012-01-30 15:56:39 +0530
Served asset /expenses.css - 304 Not Modified (6ms)


Started GET "/assets/expenses.js?body=1" for 172.28.228.26 at 2012-01-30 15:56:39 +0530
Served asset /expenses.js - 304 Not Modified (6ms)


Started GET "/assets/application.js?body=1" for 172.28.228.26 at 2012-01-30 15:56:49 +0530
Served asset /application.js - 304 Not Modified (15ms)


Started GET "/" for 172.28.228.26 at 2012-01-30 16:07:00 +0530
Processing by ExpensesController#index as HTML
  [1m[35mExpense Load (1530.8ms)[0m  SELECT "EXPENSES".* FROM "EXPENSES" 
  [1m[36mEXPLAIN (25219.8ms)[0m  [1mEXPLAIN PLAN FOR SELECT "EXPENSES".* FROM "EXPENSES" [0m
  [1m[35mEXPLAIN (111434.7ms)[0m  SELECT * FROM TABLE(DBMS_XPLAN.DISPLAY)
EXPLAIN for: SELECT "EXPENSES".* FROM "EXPENSES" 
Plan hash value: 3307941952
 
------------------------------------------------------------------------------
| Id  | Operation         | Name     | Rows  | Bytes | Cost (%CPU)| Time     |
------------------------------------------------------------------------------
|   0 | SELECT STATEMENT  |          |     1 |   311 |     2   (0)| 00:00:01 |
|   1 |  TABLE ACCESS FULL| EXPENSES |     1 |   311 |     2   (0)| 00:00:01 |
------------------------------------------------------------------------------
 
Note
-----
   - dynamic sampling used for this statement
  Rendered expenses/index.html.erb within layouts/application (34.0ms)
Completed 200 OK in 138669ms (Views: 149.9ms | ActiveRecord: 138185.3ms)


Started GET "/" for 172.28.228.26 at 2012-01-30 16:09:21 +0530
Processing by ExpensesController#index as HTML
  [1m[36mExpense Load (1.3ms)[0m  [1mSELECT "EXPENSES".* FROM "EXPENSES" [0m
  Rendered expenses/index.html.erb within layouts/application (0.4ms)
Completed 200 OK in 91ms (Views: 87.8ms | ActiveRecord: 1.3ms)


Started GET "/assets/application.css?body=1" for 172.28.228.26 at 2012-01-30 16:09:27 +0530
Served asset /application.css - 200 OK (92ms)


Started GET "/assets/jquery_ujs.js?body=1" for 172.28.228.26 at 2012-01-30 16:09:32 +0530
Served asset /jquery_ujs.js - 200 OK (0ms)


Started GET "/assets/expenses.css?body=1" for 172.28.228.26 at 2012-01-30 16:09:32 +0530
Served asset /expenses.css - 200 OK (5ms)


Started GET "/assets/scaffolds.css?body=1" for 172.28.228.26 at 2012-01-30 16:09:33 +0530
Served asset /scaffolds.css - 200 OK (14ms)


Started GET "/assets/jquery.js?body=1" for 172.28.228.26 at 2012-01-30 16:09:33 +0530
Served asset /jquery.js - 200 OK (1ms)


Started GET "/assets/expenses.js?body=1" for 172.28.228.26 at 2012-01-30 16:09:33 +0530
Served asset /expenses.js - 200 OK (5ms)


Started GET "/assets/application.js?body=1" for 172.28.228.26 at 2012-01-30 16:09:38 +0530
Served asset /application.js - 200 OK (28ms)


Started GET "/" for 172.28.228.26 at 2012-01-30 16:09:48 +0530
Processing by ExpensesController#index as HTML
  [1m[35mExpense Load (1.1ms)[0m  SELECT "EXPENSES".* FROM "EXPENSES" 
  Rendered expenses/index.html.erb within layouts/application (0.4ms)
Completed 200 OK in 56ms (Views: 53.6ms | ActiveRecord: 1.1ms)


Started GET "/assets/application.css?body=1" for 172.28.228.26 at 2012-01-30 16:09:54 +0530
Served asset /application.css - 200 OK (197ms)


Started GET "/assets/expenses.css?body=1" for 172.28.228.26 at 2012-01-30 16:09:54 +0530
Served asset /expenses.css - 200 OK (4ms)


Started GET "/" for 172.28.228.26 at 2012-01-30 16:11:09 +0530
Processing by ExpensesController#index as HTML
  [1m[36mExpense Load (1.2ms)[0m  [1mSELECT "EXPENSES".* FROM "EXPENSES" [0m
  Rendered expenses/index.html.erb within layouts/application (0.5ms)
Completed 200 OK in 35ms (Views: 32.3ms | ActiveRecord: 1.2ms)


Started GET "/expenses/new" for 172.28.228.26 at 2012-01-30 16:12:08 +0530
Processing by ExpensesController#new as HTML
  Rendered expenses/_form.html.erb (9.8ms)
  Rendered expenses/new.html.erb within layouts/application (22.8ms)
Completed 200 OK in 53ms (Views: 53.0ms | ActiveRecord: 0.0ms)


Started GET "/expenses/new" for 172.28.228.26 at 2012-01-30 16:23:51 +0530
Processing by ExpensesController#new as HTML
  Rendered expenses/_form.html.erb (13.8ms)
  Rendered expenses/new.html.erb within layouts/application (56.1ms)
Completed 200 OK in 428ms (Views: 426.8ms | ActiveRecord: 0.0ms)


Started GET "/assets/application.css?body=1" for 172.28.228.26 at 2012-01-30 16:23:59 +0530
Served asset /application.css - 304 Not Modified (21ms)


Started GET "/assets/jquery_ujs.js?body=1" for 172.28.228.26 at 2012-01-30 16:24:05 +0530
Served asset /jquery_ujs.js - 304 Not Modified (0ms)


Started GET "/assets/expenses.js?body=1" for 172.28.228.26 at 2012-01-30 16:24:05 +0530
Served asset /expenses.js - 304 Not Modified (14ms)


Started GET "/assets/expenses.css?body=1" for 172.28.228.26 at 2012-01-30 16:24:05 +0530
Served asset /expenses.css - 304 Not Modified (5ms)


Started GET "/assets/scaffolds.css?body=1" for 172.28.228.26 at 2012-01-30 16:24:05 +0530
Served asset /scaffolds.css - 304 Not Modified (5ms)


Started GET "/assets/jquery.js?body=1" for 172.28.228.26 at 2012-01-30 16:24:06 +0530
Served asset /jquery.js - 304 Not Modified (1ms)


Started GET "/assets/application.js?body=1" for 172.28.228.26 at 2012-01-30 16:24:09 +0530
Served asset /application.js - 304 Not Modified (17ms)


Started GET "/expenses/new" for 172.28.228.26 at 2012-01-30 16:24:27 +0530
Processing by ExpensesController#new as HTML
  Rendered expenses/_form.html.erb (9.8ms)
  Rendered expenses/new.html.erb within layouts/application (23.4ms)
Completed 200 OK in 78ms (Views: 77.7ms | ActiveRecord: 0.0ms)


Started GET "/expenses/new" for 172.28.228.26 at 2012-01-30 16:24:29 +0530
Processing by ExpensesController#new as HTML
  Rendered expenses/_form.html.erb (33.9ms)
  Rendered expenses/new.html.erb within layouts/application (56.1ms)
Completed 200 OK in 96ms (Views: 96.0ms | ActiveRecord: 0.0ms)


Started GET "/assets/application.css?body=1" for 172.28.228.26 at 2012-01-30 16:24:34 +0530
Served asset /application.css - 200 OK (47ms)


Started GET "/assets/expenses.css?body=1" for 172.28.228.26 at 2012-01-30 16:24:39 +0530
Served asset /expenses.css - 200 OK (5ms)


Started GET "/assets/jquery_ujs.js?body=1" for 172.28.228.26 at 2012-01-30 16:24:39 +0530
Served asset /jquery_ujs.js - 200 OK (0ms)


Started GET "/assets/expenses.js?body=1" for 172.28.228.26 at 2012-01-30 16:24:39 +0530
Served asset /expenses.js - 200 OK (5ms)


Started GET "/assets/jquery.js?body=1" for 172.28.228.26 at 2012-01-30 16:24:39 +0530
Served asset /jquery.js - 200 OK (1ms)


Started GET "/assets/scaffolds.css?body=1" for 172.28.228.26 at 2012-01-30 16:24:40 +0530
Served asset /scaffolds.css - 200 OK (6ms)


Started GET "/assets/application.js?body=1" for 172.28.228.26 at 2012-01-30 16:24:40 +0530
Served asset /application.js - 200 OK (31ms)


Started GET "/expenses/new" for 172.28.228.26 at 2012-01-30 16:27:09 +0530
Processing by ExpensesController#new as HTML
  Rendered expenses/_form.html.erb (10.9ms)
  Rendered expenses/new.html.erb within layouts/application (38.1ms)
Completed 200 OK in 107ms (Views: 106.3ms | ActiveRecord: 0.0ms)


Started GET "/assets/application.css?body=1" for 172.28.228.26 at 2012-01-30 16:27:15 +0530
Served asset /application.css - 304 Not Modified (36ms)


Started GET "/assets/jquery.js?body=1" for 172.28.228.26 at 2012-01-30 16:27:20 +0530
Served asset /jquery.js - 304 Not Modified (1ms)


Started GET "/assets/scaffolds.css?body=1" for 172.28.228.26 at 2012-01-30 16:27:20 +0530
Served asset /scaffolds.css - 304 Not Modified (5ms)


Started GET "/assets/expenses.css?body=1" for 172.28.228.26 at 2012-01-30 16:27:20 +0530
Served asset /expenses.css - 304 Not Modified (4ms)


Started GET "/assets/expenses.js?body=1" for 172.28.228.26 at 2012-01-30 16:27:20 +0530
Served asset /expenses.js - 304 Not Modified (87ms)


Started GET "/assets/jquery_ujs.js?body=1" for 172.28.228.26 at 2012-01-30 16:27:20 +0530
Served asset /jquery_ujs.js - 304 Not Modified (0ms)


Started GET "/assets/application.js?body=1" for 172.28.228.26 at 2012-01-30 16:27:25 +0530
Served asset /application.js - 304 Not Modified (40ms)


Started GET "/expenses/new" for 172.28.228.26 at 2012-01-30 16:29:13 +0530
Processing by ExpensesController#new as HTML
  Rendered expenses/_form.html.erb (35.6ms)
  Rendered expenses/new.html.erb within layouts/application (73.1ms)
Completed 200 OK in 116ms (Views: 115.1ms | ActiveRecord: 0.0ms)


Started GET "/assets/application.css?body=1" for 172.28.228.26 at 2012-01-30 16:29:18 +0530
Served asset /application.css - 200 OK (50ms)


Started GET "/assets/jquery_ujs.js?body=1" for 172.28.228.26 at 2012-01-30 16:29:23 +0530
Served asset /jquery_ujs.js - 200 OK (1ms)


Started GET "/assets/scaffolds.css?body=1" for 172.28.228.26 at 2012-01-30 16:29:23 +0530
Served asset /scaffolds.css - 200 OK (5ms)


Started GET "/assets/expenses.css?body=1" for 172.28.228.26 at 2012-01-30 16:29:23 +0530
Served asset /expenses.css - 200 OK (5ms)


Started GET "/assets/expenses.js?body=1" for 172.28.228.26 at 2012-01-30 16:29:23 +0530
Served asset /expenses.js - 200 OK (5ms)


Started GET "/assets/jquery.js?body=1" for 172.28.228.26 at 2012-01-30 16:29:23 +0530
Served asset /jquery.js - 200 OK (2ms)


Started GET "/assets/application.js?body=1" for 172.28.228.26 at 2012-01-30 16:29:23 +0530
Served asset /application.js - 200 OK (54ms)


Started GET "/expenses/new" for 172.28.228.26 at 2012-01-30 16:31:50 +0530
Processing by ExpensesController#new as HTML
  Rendered expenses/_form.html.erb (9.8ms)
  Rendered expenses/new.html.erb within layouts/application (82.0ms)
Completed 200 OK in 184ms (Views: 183.1ms | ActiveRecord: 0.0ms)


Started GET "/assets/jquery_ujs.js?body=1" for 172.28.228.26 at 2012-01-30 16:31:55 +0530
Served asset /jquery_ujs.js - 200 OK (0ms)


Started GET "/assets/scaffolds.css?body=1" for 172.28.228.26 at 2012-01-30 16:31:56 +0530
Served asset /scaffolds.css - 200 OK (6ms)


Started GET "/assets/application.css?body=1" for 172.28.228.26 at 2012-01-30 16:31:56 +0530
Served asset /application.css - 200 OK (23ms)


Started GET "/assets/jquery.js?body=1" for 172.28.228.26 at 2012-01-30 16:31:56 +0530
Served asset /jquery.js - 200 OK (1ms)


Started GET "/assets/expenses.js?body=1" for 172.28.228.26 at 2012-01-30 16:31:56 +0530
Served asset /expenses.js - 200 OK (13ms)


Started GET "/assets/expenses.css?body=1" for 172.28.228.26 at 2012-01-30 16:31:56 +0530
Served asset /expenses.css - 200 OK (5ms)


Started GET "/assets/application.js?body=1" for 172.28.228.26 at 2012-01-30 16:32:01 +0530
Served asset /application.js - 200 OK (15ms)


Started GET "/" for 172.28.228.26 at 2012-01-30 16:32:13 +0530
Processing by ExpensesController#index as HTML
  [1m[35mExpense Load (1.3ms)[0m  SELECT "EXPENSES".* FROM "EXPENSES" 
  Rendered expenses/index.html.erb within layouts/application (0.4ms)
Completed 200 OK in 44ms (Views: 41.0ms | ActiveRecord: 1.3ms)


Started GET "/assets/expenses.css?body=1" for 172.28.228.26 at 2012-01-30 16:32:24 +0530
Served asset /expenses.css - 200 OK (5ms)


Started GET "/assets/application.css?body=1" for 172.28.228.26 at 2012-01-30 16:32:25 +0530
Served asset /application.css - 200 OK (24ms)


Started GET "/assets/jquery.js?body=1" for 172.28.228.26 at 2012-01-30 16:32:25 +0530
Served asset /jquery.js - 200 OK (1ms)


Started GET "/assets/scaffolds.css?body=1" for 172.28.228.26 at 2012-01-30 16:32:25 +0530
Served asset /scaffolds.css - 200 OK (4ms)


Started GET "/assets/jquery_ujs.js?body=1" for 172.28.228.26 at 2012-01-30 16:32:25 +0530
Served asset /jquery_ujs.js - 200 OK (0ms)


Started GET "/assets/expenses.js?body=1" for 172.28.228.26 at 2012-01-30 16:32:30 +0530
Served asset /expenses.js - 200 OK (5ms)


Started GET "/assets/application.js?body=1" for 172.28.228.26 at 2012-01-30 16:32:30 +0530
Served asset /application.js - 200 OK (16ms)


Started GET "/expenses/new" for 172.28.228.26 at 2012-01-30 16:33:14 +0530
Processing by ExpensesController#new as HTML
  Rendered expenses/_form.html.erb (35.6ms)
  Rendered expenses/new.html.erb within layouts/application (48.8ms)
Completed 200 OK in 80ms (Views: 79.6ms | ActiveRecord: 0.0ms)
